app/build/intermediates/manifest_merge_blame_file/debug/manifest-merger-blame-debug-report.txt
1<?xml version="1.0" encoding="utf-8"?>
2<manifest xmlns:android="http://schemas.android.com/apk/res/android"
3    package="com.example.tumplatform"
4    android:versionCode="1"
5    android:versionName="1.0" >
6
7    <uses-sdk
8        android:minSdkVersion="24"
8-->src/main/AndroidManifest.xml
9        android:targetSdkVersion="29" />
9-->src/main/AndroidManifest.xml
10
11    <uses-permission android:name="android.permission.INTERNET" />
11-->src/main/AndroidManifest.xml:5:5-66
11-->src/main/AndroidManifest.xml:5:22-64
12
13    <application
13-->src/main/AndroidManifest.xml:7:5-22:19
14        android:allowBackup="true"
14-->src/main/AndroidManifest.xml:9:9-35
15        android:appComponentFactory="androidx.core.app.CoreComponentFactory"
15-->[androidx.core:core:1.1.0] AndroidManifest.xml:24:18-86
16        android:debuggable="true"
17        android:icon="@mipmap/ic_launcher"
17-->src/main/AndroidManifest.xml:10:9-43
18        android:label="@string/app_name"
18-->src/main/AndroidManifest.xml:11:9-41
19        android:networkSecurityConfig="@xml/network_security_config"
19-->src/main/AndroidManifest.xml:8:9-69
20        android:roundIcon="@mipmap/ic_launcher_round"
20-->src/main/AndroidManifest.xml:12:9-54
21        android:supportsRtl="true"
21-->src/main/AndroidManifest.xml:13:9-35
22        android:testOnly="true"
23        android:theme="@style/AppTheme" >
23-->src/main/AndroidManifest.xml:14:9-40
24        <activity android:name="com.example.tumplatform.MainActivity" >
24-->src/main/AndroidManifest.xml:15:9-21:20
24-->src/main/AndroidManifest.xml:15:19-47
25            <intent-filter>
25-->src/main/AndroidManifest.xml:16:13-20:29
26                <action android:name="android.intent.action.MAIN" />
26-->src/main/AndroidManifest.xml:17:17-69
26-->src/main/AndroidManifest.xml:17:25-66
27
28                <category android:name="android.intent.category.LAUNCHER" />
28-->src/main/AndroidManifest.xml:19:17-77
28-->src/main/AndroidManifest.xml:19:27-74
29            </intent-filter>
30        </activity>
31
32        <provider
32-->[com.squareup.picasso:picasso:2.71828] AndroidManifest.xml:8:9-11:40
33            android:name="com.squareup.picasso.PicassoProvider"
33-->[com.squareup.picasso:picasso:2.71828] AndroidManifest.xml:9:13-64
34            android:authorities="com.example.tumplatform.com.squareup.picasso"
34-->[com.squareup.picasso:picasso:2.71828] AndroidManifest.xml:10:13-72
35            android:exported="false" />
35-->[com.squareup.picasso:picasso:2.71828] AndroidManifest.xml:11:13-37
36    </application>
37
38</manifest>